h:\programming\vsprojects\infinityprojectscpp\infinitycrashlytics\debug\infinitycrashlytics.pch
h:\programming\vsprojects\infinityprojectscpp\infinitycrashlytics\debug\vc142.pdb
h:\programming\vsprojects\infinityprojectscpp\infinitycrashlytics\debug\vc142.idb
h:\programming\vsprojects\infinityprojectscpp\infinitycrashlytics\debug\pch.obj
h:\programming\vsprojects\infinityprojectscpp\infinitycrashlytics\debug\utils.obj
h:\programming\vsprojects\infinityprojectscpp\infinitycrashlytics\debug\infinitycrashlytics.obj
h:\programming\vsprojects\infinityprojectscpp\infinitycrashlytics\debug\dllmain.obj
h:\programming\vsprojects\infinityprojectscpp\infinitycrashlytics\debug\debug.obj
h:\programming\vsprojects\infinityprojectscpp\debug\infinitycrashlytics.lib
h:\programming\vsprojects\infinityprojectscpp\debug\infinitycrashlytics.exp
h:\programming\vsprojects\infinityprojectscpp\infinitycrashlytics\debug\vcpkg.applocal.log
h:\programming\vsprojects\infinityprojectscpp\debug\infinitycrashlytics.ilk
h:\programming\vsprojects\infinityprojectscpp\debug\infinitycrashlytics.dll
h:\programming\vsprojects\infinityprojectscpp\debug\infinitycrashlytics.pdb
h:\programming\vsprojects\infinityprojectscpp\infinitycrashlytics\debug\infinity.e3eaf431.tlog\cl.command.1.tlog
h:\programming\vsprojects\infinityprojectscpp\infinitycrashlytics\debug\infinity.e3eaf431.tlog\cl.read.1.tlog
h:\programming\vsprojects\infinityprojectscpp\infinitycrashlytics\debug\infinity.e3eaf431.tlog\cl.write.1.tlog
h:\programming\vsprojects\infinityprojectscpp\infinitycrashlytics\debug\infinity.e3eaf431.tlog\infinitycrashlytics.write.1u.tlog
h:\programming\vsprojects\infinityprojectscpp\infinitycrashlytics\debug\infinity.e3eaf431.tlog\link.command.1.tlog
h:\programming\vsprojects\infinityprojectscpp\infinitycrashlytics\debug\infinity.e3eaf431.tlog\link.read.1.tlog
h:\programming\vsprojects\infinityprojectscpp\infinitycrashlytics\debug\infinity.e3eaf431.tlog\link.write.1.tlog
