h:\programming\vsprojects\infinityprojectscpp\infinitynativesharp\debug\infinitynativesharp.pch
h:\programming\vsprojects\infinityprojectscpp\infinitynativesharp\debug\vc142.pdb
h:\programming\vsprojects\infinityprojectscpp\infinitynativesharp\debug\vc142.idb
h:\programming\vsprojects\infinityprojectscpp\infinitynativesharp\debug\pch.obj
h:\programming\vsprojects\infinityprojectscpp\infinitynativesharp\debug\dllmain.obj
h:\programming\vsprojects\infinityprojectscpp\infinitynativesharp\debug\conversionutils.obj
h:\programming\vsprojects\infinityprojectscpp\infinitynativesharp\debug\nativetest.obj
h:\programming\vsprojects\infinityprojectscpp\debug\infinitynativesharp.lib
h:\programming\vsprojects\infinityprojectscpp\debug\infinitynativesharp.exp
h:\programming\vsprojects\infinityprojectscpp\infinitynativesharp\debug\vcpkg.applocal.log
h:\programming\vsprojects\infinityprojectscpp\debug\infinitynativesharp.dll
h:\programming\vsprojects\infinityprojectscpp\debug\infinitynativesharp.ilk
h:\programming\vsprojects\infinityprojectscpp\debug\infinitynativesharp.pdb
h:\programming\vsprojects\infinityprojectscpp\infinitynativesharp\debug\infinity.6e767519.tlog\cl.command.1.tlog
h:\programming\vsprojects\infinityprojectscpp\infinitynativesharp\debug\infinity.6e767519.tlog\cl.read.1.tlog
h:\programming\vsprojects\infinityprojectscpp\infinitynativesharp\debug\infinity.6e767519.tlog\cl.write.1.tlog
h:\programming\vsprojects\infinityprojectscpp\infinitynativesharp\debug\infinity.6e767519.tlog\infinitynativesharp.write.1u.tlog
h:\programming\vsprojects\infinityprojectscpp\infinitynativesharp\debug\infinity.6e767519.tlog\link.command.1.tlog
h:\programming\vsprojects\infinityprojectscpp\infinitynativesharp\debug\infinity.6e767519.tlog\link.read.1.tlog
h:\programming\vsprojects\infinityprojectscpp\infinitynativesharp\debug\infinity.6e767519.tlog\link.write.1.tlog
